SF:lib/presentation/components/social_button.dart
DA:9,11
DA:11,2
DA:15,2
DA:16,2
DA:19,2
DA:22,0
DA:27,2
DA:31,2
DA:33,2
DA:34,2
DA:35,2
DA:36,2
DA:43,2
LF:13
LH:12
end_of_record
SF:lib/core/router.dart
DA:17,3
DA:19,1
DA:20,1
DA:22,1
DA:25,1
DA:26,1
DA:28,0
DA:32,1
DA:34,0
DA:38,1
DA:40,0
DA:41,0
DA:42,0
DA:43,0
DA:44,0
DA:45,0
DA:47,0
DA:48,0
DA:56,1
DA:58,0
DA:59,0
DA:60,0
DA:61,0
DA:62,0
DA:63,0
DA:66,1
DA:68,0
DA:69,0
DA:70,0
DA:71,0
LF:30
LH:10
end_of_record
SF:lib/di/di_setup.dart
DA:21,0
DA:23,0
DA:24,0
DA:25,0
DA:26,0
DA:27,0
DA:29,0
DA:30,0
DA:31,0
DA:32,0
DA:33,0
DA:34,0
DA:35,0
DA:36,0
DA:37,0
DA:40,0
DA:41,0
DA:42,0
DA:43,0
DA:44,0
DA:45,0
DA:48,0
LF:22
LH:0
end_of_record
SF:lib/domain/model/recipe.dart
DA:20,0
LF:1
LH:0
end_of_record
SF:lib/domain/model/recipe.g.dart
DA:9,0
DA:10,0
DA:11,0
DA:12,0
DA:13,0
DA:14,0
DA:15,0
DA:16,0
DA:17,0
DA:20,0
DA:21,0
DA:22,0
DA:23,0
DA:24,0
DA:25,0
DA:26,0
DA:27,0
DA:28,0
DA:29,0
LF:19
LH:0
end_of_record
SF:lib/presentation/authentication/onboarding_screen.dart
DA:8,5
DA:10,1
DA:12,1
DA:13,1
DA:14,1
DA:15,1
DA:24,1
DA:26,1
DA:27,1
DA:28,1
DA:29,1
DA:30,1
DA:37,1
DA:38,1
DA:40,1
DA:42,1
DA:46,1
DA:47,1
DA:48,1
DA:55,1
DA:57,2
DA:66,1
DA:67,1
DA:68,1
DA:69,1
DA:72,2
DA:80,1
DA:82,2
DA:92,1
DA:94,1
DA:96,1
DA:99,0
DA:100,0
LF:33
LH:31
end_of_record
SF:lib/presentation/authentication/sign_in_screen.dart
DA:10,6
DA:12,1
DA:14,1
DA:15,1
DA:16,1
DA:18,1
DA:20,1
DA:21,1
DA:22,1
DA:26,1
DA:28,1
DA:30,1
DA:31,1
DA:32,2
DA:33,2
DA:40,1
DA:43,0
DA:44,0
DA:55,1
DA:56,1
DA:57,1
DA:59,1
DA:61,1
DA:63,1
DA:66,0
DA:67,0
DA:108,1
DA:110,1
DA:111,1
DA:112,1
DA:113,1
DA:114,1
DA:115,0
DA:116,1
DA:117,1
DA:118,1
LF:36
LH:31
end_of_record
SF:lib/presentation/authentication/sign_up_screen.dart
DA:10,5
DA:12,0
DA:13,0
DA:20,0
DA:22,0
DA:23,0
DA:24,0
DA:26,0
DA:28,0
DA:29,0
DA:31,0
DA:35,0
DA:37,0
DA:39,0
DA:40,0
DA:41,0
DA:42,0
DA:44,0
DA:51,0
DA:54,0
DA:55,0
DA:81,0
DA:82,0
DA:83,0
DA:84,0
DA:87,0
DA:88,0
DA:89,0
DA:90,0
DA:91,0
DA:94,0
DA:95,0
DA:96,0
DA:97,0
DA:101,0
DA:103,0
DA:105,0
DA:106,0
DA:113,0
DA:115,0
DA:118,0
DA:119,0
DA:159,0
DA:161,0
DA:162,0
DA:163,0
DA:164,0
DA:165,0
DA:166,0
DA:167,0
DA:168,0
DA:169,0
LF:52
LH:1
end_of_record
SF:lib/presentation/home/home_screen.dart
DA:8,5
DA:10,0
DA:11,0
DA:17,0
DA:18,0
DA:19,0
DA:23,0
DA:25,0
DA:32,0
DA:33,0
DA:34,0
DA:36,0
DA:38,0
DA:39,0
DA:40,0
DA:41,0
DA:44,0
DA:45,0
DA:48,0
DA:49,0
DA:50,0
DA:52,0
DA:53,0
DA:57,0
DA:58,0
DA:59,0
DA:61,0
DA:62,0
DA:66,0
DA:67,0
DA:68,0
DA:70,0
DA:71,0
DA:76,0
DA:78,0
LF:35
LH:1
end_of_record
SF:lib/presentation/home/home_view/home_view_model.dart
DA:14,0
DA:15,0
DA:18,0
DA:19,0
DA:21,0
DA:23,0
DA:24,0
DA:25,0
DA:26,0
DA:27,0
DA:29,0
DA:33,0
DA:35,0
DA:36,0
DA:37,0
DA:40,0
DA:41,0
DA:44,0
DA:45,0
DA:46,0
DA:48,0
DA:49,0
DA:50,0
DA:55,0
DA:56,0
DA:59,0
DA:60,0
DA:61,0
DA:63,0
DA:64,0
DA:65,0
LF:31
LH:0
end_of_record
SF:lib/presentation/home/recipe_details/recipe_details_view.dart
DA:17,0
DA:19,0
DA:21,0
DA:22,0
DA:24,0
DA:25,0
DA:26,0
DA:28,0
DA:29,0
DA:32,0
DA:33,0
DA:34,0
DA:35,0
DA:47,0
DA:49,0
DA:51,0
DA:52,0
DA:53,0
DA:54,0
DA:55,0
DA:56,0
DA:60,0
DA:61,0
DA:62,0
DA:63,0
DA:64,0
DA:67,0
DA:69,0
DA:76,0
DA:78,0
DA:79,0
DA:80,0
DA:90,0
DA:92,0
DA:93,0
DA:94,0
DA:95,0
DA:97,0
DA:98,0
DA:99,0
DA:101,0
DA:103,0
DA:120,0
DA:123,0
DA:124,0
DA:127,0
DA:128,0
DA:129,0
DA:133,0
DA:134,0
DA:135,0
DA:137,0
DA:140,0
DA:141,0
DA:142,0
DA:143,0
DA:145,0
DA:146,0
DA:147,0
DA:149,0
DA:150,0
LF:61
LH:0
end_of_record
SF:lib/presentation/home/recipe_details/recipe_details_view_model.dart
DA:13,0
DA:15,0
DA:20,0
DA:22,0
DA:23,0
DA:24,0
DA:26,0
DA:28,0
DA:31,0
DA:32,0
DA:34,0
DA:35,0
DA:38,0
DA:39,0
DA:42,0
DA:43,0
DA:44,0
DA:46,0
DA:49,0
DA:52,0
DA:53,0
DA:55,0
DA:56,0
DA:60,0
DA:61,0
DA:65,0
DA:66,0
DA:67,0
DA:68,0
DA:69,0
DA:72,0
DA:73,0
LF:32
LH:0
end_of_record
SF:lib/presentation/home/saved_recipes/saved_recipes_view_model.dart
DA:10,0
DA:11,0
DA:16,0
DA:18,0
DA:19,0
DA:20,0
DA:22,0
DA:24,0
DA:27,0
DA:28,0
DA:30,0
DA:31,0
DA:35,0
DA:36,0
LF:14
LH:0
end_of_record
SF:lib/presentation/home/home_view/search/search_recipes_screen.dart
DA:12,5
DA:16,0
DA:18,0
DA:19,0
DA:20,0
DA:21,0
DA:22,0
DA:23,0
DA:25,0
DA:26,0
DA:29,0
DA:30,0
DA:31,0
DA:32,0
DA:44,0
DA:46,0
DA:47,0
DA:48,0
DA:49,0
DA:50,0
DA:51,0
DA:53,0
DA:54,0
DA:55,0
DA:60,0
DA:61,0
DA:62,0
DA:66,0
DA:74,0
DA:75,0
DA:76,0
DA:77,0
DA:80,0
DA:83,0
DA:84,0
DA:85,0
DA:93,0
DA:94,0
DA:95,0
DA:96,0
DA:97,0
DA:98,0
DA:99,0
DA:100,0
DA:101,0
LF:45
LH:1
end_of_record
SF:lib/presentation/home/home_view/search/search_recipes_screen_view_model.dart
DA:10,0
DA:12,0
DA:17,0
DA:19,0
DA:20,0
DA:21,0
DA:23,0
DA:25,0
DA:27,0
DA:28,0
DA:31,0
DA:32,0
DA:33,0
DA:35,0
DA:36,0
DA:37,0
LF:16
LH:0
end_of_record
SF:lib/domain/model/ingredient.dart
DA:15,0
DA:16,0
LF:2
LH:0
end_of_record
SF:lib/domain/model/ingredient.g.dart
DA:9,0
DA:10,0
DA:11,0
DA:12,0
DA:13,0
DA:16,0
DA:17,0
DA:18,0
DA:19,0
DA:20,0
LF:10
LH:0
end_of_record
SF:lib/data/data_source/mock/mock_ingredient_data_source.dart
DA:32,0
DA:34,0
LF:2
LH:0
end_of_record
SF:lib/data/data_source/mock/mock_procedure_data_source.dart
DA:20,0
DA:22,0
LF:2
LH:0
end_of_record
SF:lib/domain/model/procedure.dart
DA:14,0
DA:15,0
LF:2
LH:0
end_of_record
SF:lib/domain/model/procedure.g.dart
DA:9,0
DA:10,0
DA:11,0
DA:12,0
DA:15,0
DA:16,0
DA:17,0
DA:18,0
LF:8
LH:0
end_of_record
SF:lib/data/data_source/mock/mock_recipe_data_source.dart
DA:63,0
DA:65,0
LF:2
LH:0
end_of_record
SF:lib/data/repository/ingredient_repository_impl.dart
DA:10,0
DA:12,0
DA:14,0
DA:17,0
DA:19,0
LF:5
LH:0
end_of_record
SF:lib/data/repository/procedure_repository_impl.dart
DA:10,0
DA:11,0
DA:13,0
DA:16,0
DA:18,0
LF:5
LH:0
end_of_record
SF:lib/data/repository/recipe_repository_impl.dart
DA:10,0
DA:11,0
DA:13,0
DA:16,0
DA:19,0
DA:23,0
DA:26,0
DA:27,0
DA:28,0
DA:31,0
LF:10
LH:0
end_of_record
SF:lib/domain/use_case/get_recipes_use_case.dart
DA:9,0
DA:11,0
DA:12,0
DA:13,0
DA:16,0
DA:17,0
DA:19,0
DA:20,0
LF:8
LH:0
end_of_record
SF:lib/domain/use_case/search_recipes_use_case.dart
DA:10,0
DA:12,0
DA:13,0
DA:14,0
DA:17,0
DA:18,0
DA:20,0
DA:21,0
DA:22,0
DA:24,0
DA:25,0
DA:26,0
DA:27,0
LF:13
LH:0
end_of_record
SF:lib/main.dart
DA:6,0
DA:7,0
DA:8,0
DA:12,6
DA:15,1
DA:17,1
DA:19,1
DA:20,1
DA:24,1
LF:9
LH:6
end_of_record
SF:lib/presentation/components/big_button.dart
DA:13,8
DA:23,3
DA:24,3
DA:30,3
DA:32,3
DA:33,1
DA:34,2
DA:39,3
DA:40,15
DA:43,6
DA:44,3
DA:45,3
DA:49,3
DA:51,3
DA:52,9
DA:53,6
DA:54,6
DA:58,6
DA:71,1
LF:19
LH:19
end_of_record
SF:lib/ui/text_styles.dart
DA:5,4
DA:10,4
DA:11,8
DA:19,3
DA:22,1
DA:25,3
DA:28,1
DA:31,0
DA:34,0
DA:37,3
DA:40,1
DA:43,9
DA:46,3
DA:49,0
DA:52,0
DA:55,0
DA:58,0
DA:61,0
DA:64,0
DA:67,0
DA:70,0
DA:73,3
DA:76,1
DA:79,0
DA:82,0
DA:85,3
DA:88,1
DA:91,6
DA:94,2
DA:97,6
DA:100,2
LF:31
LH:19
end_of_record
SF:lib/presentation/components/input_field.dart
DA:12,13
DA:20,2
DA:22,2
DA:24,2
DA:25,4
DA:26,6
DA:31,2
DA:32,2
DA:33,1
DA:34,2
DA:36,2
DA:37,2
DA:38,2
DA:39,4
LF:14
LH:14
end_of_record
SF:lib/presentation/components/recipe_card.dart
DA:11,0
DA:17,0
DA:18,0
DA:24,0
DA:26,0
DA:27,0
DA:30,0
DA:32,0
DA:33,0
DA:34,0
DA:35,0
DA:36,0
DA:37,0
DA:43,0
DA:46,0
DA:47,0
DA:48,0
DA:49,0
DA:50,0
DA:51,0
DA:58,0
DA:61,0
DA:64,0
DA:66,0
DA:68,0
DA:69,0
DA:72,0
DA:73,0
DA:80,0
DA:84,0
DA:86,0
DA:87,0
DA:88,0
DA:95,0
DA:96,0
DA:105,0
DA:106,0
DA:109,0
DA:110,0
DA:111,0
DA:112,0
DA:115,0
DA:116,0
DA:117,0
DA:118,0
DA:122,0
DA:123,0
DA:124,0
DA:125,0
DA:128,0
DA:130,0
DA:131,0
DA:134,0
DA:137,0
DA:138,0
DA:140,0
LF:56
LH:0
end_of_record
SF:lib/ui/icons.dart
DA:8,0
DA:9,0
DA:10,0
DA:14,0
DA:18,0
DA:20,0
DA:21,0
DA:25,0
LF:8
LH:0
end_of_record
SF:lib/presentation/components/tap_bar.dart
DA:10,0
DA:17,0
DA:18,0
DA:24,0
DA:26,0
DA:27,0
DA:28,0
DA:29,0
DA:31,0
DA:33,0
DA:34,0
DA:35,0
DA:38,0
DA:39,0
DA:40,0
DA:41,0
DA:42,0
DA:43,0
DA:48,0
DA:49,0
DA:52,0
DA:53,0
DA:54,0
DA:55,0
DA:56,0
DA:57,0
LF:26
LH:0
end_of_record
SF:lib/presentation/home/home_view/home_view.dart
DA:14,5
DA:16,0
DA:18,0
DA:20,0
DA:22,0
DA:23,0
DA:24,0
DA:25,0
DA:27,0
DA:28,0
DA:30,0
DA:31,0
DA:32,0
DA:34,0
DA:40,0
DA:41,0
DA:43,0
DA:53,0
DA:54,0
DA:55,0
DA:56,0
DA:58,0
DA:59,0
DA:64,0
DA:65,0
DA:66,0
DA:71,0
DA:79,0
DA:80,0
DA:82,0
DA:83,0
DA:84,0
DA:85,0
DA:86,0
DA:88,0
DA:91,0
DA:92,0
DA:94,0
DA:95,0
DA:96,0
DA:97,0
DA:100,0
DA:105,0
DA:106,0
DA:112,0
DA:113,0
DA:114,0
DA:115,0
DA:116,0
DA:117,0
DA:118,0
DA:119,0
DA:120,0
LF:53
LH:1
end_of_record
SF:lib/presentation/home/saved_recipes/saved_recipes_view.dart
DA:9,5
DA:13,0
DA:15,0
DA:16,0
DA:17,0
DA:18,0
DA:20,0
DA:21,0
DA:23,0
DA:25,0
DA:27,0
DA:28,0
DA:30,0
DA:32,0
DA:33,0
DA:34,0
DA:35,0
DA:37,0
DA:38,0
DA:39,0
DA:40,0
DA:41,0
DA:42,0
DA:43,0
LF:24
LH:1
end_of_record
SF:lib/presentation/home/home_view/components/recipe_category_picker.dart
DA:6,0
DA:8,0
DA:9,0
DA:29,0
DA:30,0
DA:31,0
DA:33,0
DA:36,0
DA:38,0
DA:40,0
DA:43,0
DA:44,0
DA:46,0
DA:47,0
DA:49,0
LF:15
LH:0
end_of_record
SF:lib/presentation/home/recipe_details/components/ingredient_item.dart
DA:7,0
DA:9,0
DA:11,0
DA:13,0
DA:14,0
DA:15,0
DA:18,0
DA:19,0
DA:20,0
DA:21,0
DA:22,0
DA:23,0
DA:24,0
DA:31,0
DA:33,0
DA:34,0
DA:42,0
DA:43,0
LF:18
LH:0
end_of_record
SF:lib/presentation/home/recipe_details/components/procedure_item.dart
DA:10,0
DA:12,0
DA:14,0
DA:16,0
DA:17,0
DA:18,0
DA:21,0
DA:23,0
DA:24,0
DA:25,0
DA:26,0
DA:28,0
DA:29,0
DA:30,0
LF:14
LH:0
end_of_record
